[1.240s] Invoking command in '/home/mac_vaibubuntu/project_ws/src/robo_control': PYTHONPATH=/home/mac_vaibubuntu/project_ws/build/robo_control/prefix_override:/home/mac_vaibubuntu/project_ws/install/robo_control/lib/python3.10/site-packages:${PYTHONPATH} /usr/bin/python3 -W ignore:setup.py install is deprecated setup.py egg_info --egg-base ../../build/robo_control build --build-base /home/mac_vaibubuntu/project_ws/build/robo_control/build install --record /home/mac_vaibubuntu/project_ws/build/robo_control/install.log --single-version-externally-managed install_data
[1.603s] running egg_info
[1.604s] writing ../../build/robo_control/robo_control.egg-info/PKG-INFO
[1.605s] writing dependency_links to ../../build/robo_control/robo_control.egg-info/dependency_links.txt
[1.606s] writing entry points to ../../build/robo_control/robo_control.egg-info/entry_points.txt
[1.606s] writing requirements to ../../build/robo_control/robo_control.egg-info/requires.txt
[1.607s] writing top-level names to ../../build/robo_control/robo_control.egg-info/top_level.txt
[1.611s] reading manifest file '../../build/robo_control/robo_control.egg-info/SOURCES.txt'
[1.612s] writing manifest file '../../build/robo_control/robo_control.egg-info/SOURCES.txt'
[1.613s] running build
[1.613s] running build_py
[1.613s] copying robo_control/controller.py -> /home/mac_vaibubuntu/project_ws/build/robo_control/build/lib/robo_control
[1.615s] running install
[1.616s] running install_lib
[1.616s] copying /home/mac_vaibubuntu/project_ws/build/robo_control/build/lib/robo_control/controller.py -> /home/mac_vaibubuntu/project_ws/install/robo_control/lib/python3.10/site-packages/robo_control
[1.617s] byte-compiling /home/mac_vaibubuntu/project_ws/install/robo_control/lib/python3.10/site-packages/robo_control/controller.py to controller.cpython-310.pyc
[1.618s] running install_data
[1.619s] running install_egg_info
[1.622s] removing '/home/mac_vaibubuntu/project_ws/install/robo_control/lib/python3.10/site-packages/robo_control-0.0.0-py3.10.egg-info' (and everything under it)
[1.650s] Copying ../../build/robo_control/robo_control.egg-info to /home/mac_vaibubuntu/project_ws/install/robo_control/lib/python3.10/site-packages/robo_control-0.0.0-py3.10.egg-info
[1.650s] running install_scripts
[1.672s] Installing aruco_detector script to /home/mac_vaibubuntu/project_ws/install/robo_control/lib/robo_control
[1.672s] Installing controller script to /home/mac_vaibubuntu/project_ws/install/robo_control/lib/robo_control
[1.673s] writing list of installed files to '/home/mac_vaibubuntu/project_ws/build/robo_control/install.log'
[1.709s] Invoked command in '/home/mac_vaibubuntu/project_ws/src/robo_control' returned '0': PYTHONPATH=/home/mac_vaibubuntu/project_ws/build/robo_control/prefix_override:/home/mac_vaibubuntu/project_ws/install/robo_control/lib/python3.10/site-packages:${PYTHONPATH} /usr/bin/python3 -W ignore:setup.py install is deprecated setup.py egg_info --egg-base ../../build/robo_control build --build-base /home/mac_vaibubuntu/project_ws/build/robo_control/build install --record /home/mac_vaibubuntu/project_ws/build/robo_control/install.log --single-version-externally-managed install_data
