[0.642s] Invoking command in '/home/mac_vaibubuntu/project_ws/src/robo_control': PYTHONPATH=/home/mac_vaibubuntu/project_ws/build/robo_control/prefix_override:/home/mac_vaibubuntu/project_ws/install/robo_control/lib/python3.10/site-packages:${PYTHONPATH} /usr/bin/python3 -W ignore:setup.py install is deprecated setup.py egg_info --egg-base ../../build/robo_control build --build-base /home/mac_vaibubuntu/project_ws/build/robo_control/build install --record /home/mac_vaibubuntu/project_ws/build/robo_control/install.log --single-version-externally-managed install_data
[0.845s] running egg_info
[0.845s] writing ../../build/robo_control/robo_control.egg-info/PKG-INFO
[0.846s] writing dependency_links to ../../build/robo_control/robo_control.egg-info/dependency_links.txt
[0.846s] writing entry points to ../../build/robo_control/robo_control.egg-info/entry_points.txt
[0.846s] writing requirements to ../../build/robo_control/robo_control.egg-info/requires.txt
[0.846s] writing top-level names to ../../build/robo_control/robo_control.egg-info/top_level.txt
[0.848s] reading manifest file '../../build/robo_control/robo_control.egg-info/SOURCES.txt'
[0.849s] writing manifest file '../../build/robo_control/robo_control.egg-info/SOURCES.txt'
[0.849s] running build
[0.849s] running build_py
[0.849s] running install
[0.849s] running install_lib
[0.850s] running install_data
[0.850s] running install_egg_info
[0.852s] removing '/home/mac_vaibubuntu/project_ws/install/robo_control/lib/python3.10/site-packages/robo_control-0.0.0-py3.10.egg-info' (and everything under it)
[0.853s] Copying ../../build/robo_control/robo_control.egg-info to /home/mac_vaibubuntu/project_ws/install/robo_control/lib/python3.10/site-packages/robo_control-0.0.0-py3.10.egg-info
[0.854s] running install_scripts
[0.870s] Installing controller script to /home/mac_vaibubuntu/project_ws/install/robo_control/lib/robo_control
[0.870s] writing list of installed files to '/home/mac_vaibubuntu/project_ws/build/robo_control/install.log'
[0.894s] Invoked command in '/home/mac_vaibubuntu/project_ws/src/robo_control' returned '0': PYTHONPATH=/home/mac_vaibubuntu/project_ws/build/robo_control/prefix_override:/home/mac_vaibubuntu/project_ws/install/robo_control/lib/python3.10/site-packages:${PYTHONPATH} /usr/bin/python3 -W ignore:setup.py install is deprecated setup.py egg_info --egg-base ../../build/robo_control build --build-base /home/mac_vaibubuntu/project_ws/build/robo_control/build install --record /home/mac_vaibubuntu/project_ws/build/robo_control/install.log --single-version-externally-managed install_data
