[0.641s] Invoking command in '/home/rishith/MRT/Morphobot/rover/src/robo_control': PYTHONPATH=/home/rishith/MRT/Morphobot/rover/build/robo_control/prefix_override:/usr/lib/python3/dist-packages/colcon_core/task/python/colcon_distutils_commands:/home/rishith/MRT/Morphobot/rover/install/robo_control/lib/python3.10/site-packages:${PYTHONPATH} /usr/bin/python3 -W ignore:setup.py install is deprecated setup.py egg_info --egg-base ../../build/robo_control build --build-base /home/rishith/MRT/Morphobot/rover/build/robo_control/build install --record /home/rishith/MRT/Morphobot/rover/build/robo_control/install.log --single-version-externally-managed install_data
[0.895s] running egg_info
[0.896s] writing ../../build/robo_control/robo_control.egg-info/PKG-INFO
[0.896s] writing dependency_links to ../../build/robo_control/robo_control.egg-info/dependency_links.txt
[0.896s] writing entry points to ../../build/robo_control/robo_control.egg-info/entry_points.txt
[0.896s] writing requirements to ../../build/robo_control/robo_control.egg-info/requires.txt
[0.897s] writing top-level names to ../../build/robo_control/robo_control.egg-info/top_level.txt
[0.898s] reading manifest file '../../build/robo_control/robo_control.egg-info/SOURCES.txt'
[0.899s] writing manifest file '../../build/robo_control/robo_control.egg-info/SOURCES.txt'
[0.899s] running build
[0.900s] running build_py
[0.900s] running install
[0.900s] running install_lib
[0.901s] running install_data
[0.902s] running install_egg_info
[0.904s] removing '/home/rishith/MRT/Morphobot/rover/install/robo_control/lib/python3.10/site-packages/robo_control-0.0.0-py3.10.egg-info' (and everything under it)
[0.904s] Copying ../../build/robo_control/robo_control.egg-info to /home/rishith/MRT/Morphobot/rover/install/robo_control/lib/python3.10/site-packages/robo_control-0.0.0-py3.10.egg-info
[0.905s] running install_scripts
[0.922s] Installing aruco_detector script to /home/rishith/MRT/Morphobot/rover/install/robo_control/lib/robo_control
[0.922s] Installing controller script to /home/rishith/MRT/Morphobot/rover/install/robo_control/lib/robo_control
[0.922s] writing list of installed files to '/home/rishith/MRT/Morphobot/rover/build/robo_control/install.log'
[0.947s] Invoked command in '/home/rishith/MRT/Morphobot/rover/src/robo_control' returned '0': PYTHONPATH=/home/rishith/MRT/Morphobot/rover/build/robo_control/prefix_override:/usr/lib/python3/dist-packages/colcon_core/task/python/colcon_distutils_commands:/home/rishith/MRT/Morphobot/rover/install/robo_control/lib/python3.10/site-packages:${PYTHONPATH} /usr/bin/python3 -W ignore:setup.py install is deprecated setup.py egg_info --egg-base ../../build/robo_control build --build-base /home/rishith/MRT/Morphobot/rover/build/robo_control/build install --record /home/rishith/MRT/Morphobot/rover/build/robo_control/install.log --single-version-externally-managed install_data
