running egg_info
writing ../../build/robo_control/robo_control.egg-info/PKG-INFO
writing dependency_links to ../../build/robo_control/robo_control.egg-info/dependency_links.txt
writing entry points to ../../build/robo_control/robo_control.egg-info/entry_points.txt
writing requirements to ../../build/robo_control/robo_control.egg-info/requires.txt
writing top-level names to ../../build/robo_control/robo_control.egg-info/top_level.txt
reading manifest file '../../build/robo_control/robo_control.egg-info/SOURCES.txt'
writing manifest file '../../build/robo_control/robo_control.egg-info/SOURCES.txt'
running build
running build_py
running install
running install_lib
running install_data
running install_egg_info
removing '/home/rishith/MRT/Morphobot/rover/install/robo_control/lib/python3.10/site-packages/robo_control-0.0.0-py3.10.egg-info' (and everything under it)
Copying ../../build/robo_control/robo_control.egg-info to /home/rishith/MRT/Morphobot/rover/install/robo_control/lib/python3.10/site-packages/robo_control-0.0.0-py3.10.egg-info
running install_scripts
Installing aruco_detector script to /home/rishith/MRT/Morphobot/rover/install/robo_control/lib/robo_control
Installing controller script to /home/rishith/MRT/Morphobot/rover/install/robo_control/lib/robo_control
writing list of installed files to '/home/rishith/MRT/Morphobot/rover/build/robo_control/install.log'
