[0.702s] Invoking command in '/home/rishith/MRT/Morphobot/rover/src/robo_control': PYTHONPATH=/home/rishith/MRT/Morphobot/rover/build/robo_control/prefix_override:/usr/lib/python3/dist-packages/colcon_core/task/python/colcon_distutils_commands:/home/rishith/MRT/Morphobot/rover/install/robo_control/lib/python3.10/site-packages:${PYTHONPATH} /usr/bin/python3 -W ignore:setup.py install is deprecated setup.py egg_info --egg-base ../../build/robo_control build --build-base /home/rishith/MRT/Morphobot/rover/build/robo_control/build install --record /home/rishith/MRT/Morphobot/rover/build/robo_control/install.log --single-version-externally-managed install_data
[1.014s] running egg_info
[1.015s] writing ../../build/robo_control/robo_control.egg-info/PKG-INFO
[1.015s] writing dependency_links to ../../build/robo_control/robo_control.egg-info/dependency_links.txt
[1.015s] writing entry points to ../../build/robo_control/robo_control.egg-info/entry_points.txt
[1.015s] writing requirements to ../../build/robo_control/robo_control.egg-info/requires.txt
[1.016s] writing top-level names to ../../build/robo_control/robo_control.egg-info/top_level.txt
[1.018s] reading manifest file '../../build/robo_control/robo_control.egg-info/SOURCES.txt'
[1.019s] writing manifest file '../../build/robo_control/robo_control.egg-info/SOURCES.txt'
[1.019s] running build
[1.019s] running build_py
[1.019s] running install
[1.020s] running install_lib
[1.021s] running install_data
[1.022s] running install_egg_info
[1.024s] removing '/home/rishith/MRT/Morphobot/rover/install/robo_control/lib/python3.10/site-packages/robo_control-0.0.0-py3.10.egg-info' (and everything under it)
[1.025s] Copying ../../build/robo_control/robo_control.egg-info to /home/rishith/MRT/Morphobot/rover/install/robo_control/lib/python3.10/site-packages/robo_control-0.0.0-py3.10.egg-info
[1.025s] running install_scripts
[1.045s] Installing aruco_detector script to /home/rishith/MRT/Morphobot/rover/install/robo_control/lib/robo_control
[1.045s] Installing controller script to /home/rishith/MRT/Morphobot/rover/install/robo_control/lib/robo_control
[1.045s] writing list of installed files to '/home/rishith/MRT/Morphobot/rover/build/robo_control/install.log'
[1.067s] Invoked command in '/home/rishith/MRT/Morphobot/rover/src/robo_control' returned '0': PYTHONPATH=/home/rishith/MRT/Morphobot/rover/build/robo_control/prefix_override:/usr/lib/python3/dist-packages/colcon_core/task/python/colcon_distutils_commands:/home/rishith/MRT/Morphobot/rover/install/robo_control/lib/python3.10/site-packages:${PYTHONPATH} /usr/bin/python3 -W ignore:setup.py install is deprecated setup.py egg_info --egg-base ../../build/robo_control build --build-base /home/rishith/MRT/Morphobot/rover/build/robo_control/build install --record /home/rishith/MRT/Morphobot/rover/build/robo_control/install.log --single-version-externally-managed install_data
