running egg_info
creating ../../build/robo_control/robo_control.egg-info
writing ../../build/robo_control/robo_control.egg-info/PKG-INFO
writing dependency_links to ../../build/robo_control/robo_control.egg-info/dependency_links.txt
writing entry points to ../../build/robo_control/robo_control.egg-info/entry_points.txt
writing requirements to ../../build/robo_control/robo_control.egg-info/requires.txt
writing top-level names to ../../build/robo_control/robo_control.egg-info/top_level.txt
writing manifest file '../../build/robo_control/robo_control.egg-info/SOURCES.txt'
reading manifest file '../../build/robo_control/robo_control.egg-info/SOURCES.txt'
writing manifest file '../../build/robo_control/robo_control.egg-info/SOURCES.txt'
running build
running build_py
creating /home/mac_vaibubuntu/project_ws/build/robo_control/build
creating /home/mac_vaibubuntu/project_ws/build/robo_control/build/lib
creating /home/mac_vaibubuntu/project_ws/build/robo_control/build/lib/robo_control
copying robo_control/__init__.py -> /home/mac_vaibubuntu/project_ws/build/robo_control/build/lib/robo_control
running install
running install_lib
creating /home/mac_vaibubuntu/project_ws/install/robo_control/lib/python3.10/site-packages/robo_control
copying /home/mac_vaibubuntu/project_ws/build/robo_control/build/lib/robo_control/__init__.py -> /home/mac_vaibubuntu/project_ws/install/robo_control/lib/python3.10/site-packages/robo_control
byte-compiling /home/mac_vaibubuntu/project_ws/install/robo_control/lib/python3.10/site-packages/robo_control/__init__.py to __init__.cpython-310.pyc
running install_data
creating /home/mac_vaibubuntu/project_ws/install/robo_control/share/ament_index
creating /home/mac_vaibubuntu/project_ws/install/robo_control/share/ament_index/resource_index
creating /home/mac_vaibubuntu/project_ws/install/robo_control/share/ament_index/resource_index/packages
copying resource/robo_control -> /home/mac_vaibubuntu/project_ws/install/robo_control/share/ament_index/resource_index/packages
copying package.xml -> /home/mac_vaibubuntu/project_ws/install/robo_control/share/robo_control
running install_egg_info
Copying ../../build/robo_control/robo_control.egg-info to /home/mac_vaibubuntu/project_ws/install/robo_control/lib/python3.10/site-packages/robo_control-0.0.0-py3.10.egg-info
running install_scripts
writing list of installed files to '/home/mac_vaibubuntu/project_ws/build/robo_control/install.log'
