[1.229s] Invoking command in '/home/mac_vaibubuntu/project_ws/src/robo_control': PYTHONPATH=/home/mac_vaibubuntu/project_ws/build/robo_control/prefix_override:/home/mac_vaibubuntu/project_ws/install/robo_control/lib/python3.10/site-packages:${PYTHONPATH} /usr/bin/python3 -W ignore:setup.py install is deprecated setup.py egg_info --egg-base ../../build/robo_control build --build-base /home/mac_vaibubuntu/project_ws/build/robo_control/build install --record /home/mac_vaibubuntu/project_ws/build/robo_control/install.log --single-version-externally-managed install_data
[1.809s] running egg_info
[1.809s] writing ../../build/robo_control/robo_control.egg-info/PKG-INFO
[1.810s] writing dependency_links to ../../build/robo_control/robo_control.egg-info/dependency_links.txt
[1.811s] writing entry points to ../../build/robo_control/robo_control.egg-info/entry_points.txt
[1.811s] writing requirements to ../../build/robo_control/robo_control.egg-info/requires.txt
[1.812s] writing top-level names to ../../build/robo_control/robo_control.egg-info/top_level.txt
[1.813s] reading manifest file '../../build/robo_control/robo_control.egg-info/SOURCES.txt'
[1.814s] writing manifest file '../../build/robo_control/robo_control.egg-info/SOURCES.txt'
[1.815s] running build
[1.815s] running build_py
[1.824s] copying robo_control/controller.py -> /home/mac_vaibubuntu/project_ws/build/robo_control/build/lib/robo_control
[1.826s] running install
[1.826s] running install_lib
[1.828s] copying /home/mac_vaibubuntu/project_ws/build/robo_control/build/lib/robo_control/controller.py -> /home/mac_vaibubuntu/project_ws/install/robo_control/lib/python3.10/site-packages/robo_control
[1.830s] byte-compiling /home/mac_vaibubuntu/project_ws/install/robo_control/lib/python3.10/site-packages/robo_control/controller.py to controller.cpython-310.pyc
[1.832s] running install_data
[1.833s] running install_egg_info
[1.837s] removing '/home/mac_vaibubuntu/project_ws/install/robo_control/lib/python3.10/site-packages/robo_control-0.0.0-py3.10.egg-info' (and everything under it)
[1.840s] Copying ../../build/robo_control/robo_control.egg-info to /home/mac_vaibubuntu/project_ws/install/robo_control/lib/python3.10/site-packages/robo_control-0.0.0-py3.10.egg-info
[1.841s] running install_scripts
[1.867s] Installing aruco_detector script to /home/mac_vaibubuntu/project_ws/install/robo_control/lib/robo_control
[1.867s] Installing controller script to /home/mac_vaibubuntu/project_ws/install/robo_control/lib/robo_control
[1.867s] writing list of installed files to '/home/mac_vaibubuntu/project_ws/build/robo_control/install.log'
[1.899s] Invoked command in '/home/mac_vaibubuntu/project_ws/src/robo_control' returned '0': PYTHONPATH=/home/mac_vaibubuntu/project_ws/build/robo_control/prefix_override:/home/mac_vaibubuntu/project_ws/install/robo_control/lib/python3.10/site-packages:${PYTHONPATH} /usr/bin/python3 -W ignore:setup.py install is deprecated setup.py egg_info --egg-base ../../build/robo_control build --build-base /home/mac_vaibubuntu/project_ws/build/robo_control/build install --record /home/mac_vaibubuntu/project_ws/build/robo_control/install.log --single-version-externally-managed install_data
