running egg_info
writing ../../build/robo_control/robo_control.egg-info/PKG-INFO
writing dependency_links to ../../build/robo_control/robo_control.egg-info/dependency_links.txt
writing entry points to ../../build/robo_control/robo_control.egg-info/entry_points.txt
writing requirements to ../../build/robo_control/robo_control.egg-info/requires.txt
writing top-level names to ../../build/robo_control/robo_control.egg-info/top_level.txt
reading manifest file '../../build/robo_control/robo_control.egg-info/SOURCES.txt'
writing manifest file '../../build/robo_control/robo_control.egg-info/SOURCES.txt'
running build
running build_py
copying robo_control/controller.py -> /home/mac_vaibubuntu/project_ws/build/robo_control/build/lib/robo_control
running install
running install_lib
copying /home/mac_vaibubuntu/project_ws/build/robo_control/build/lib/robo_control/controller.py -> /home/mac_vaibubuntu/project_ws/install/robo_control/lib/python3.10/site-packages/robo_control
byte-compiling /home/mac_vaibubuntu/project_ws/install/robo_control/lib/python3.10/site-packages/robo_control/controller.py to controller.cpython-310.pyc
running install_data
running install_egg_info
removing '/home/mac_vaibubuntu/project_ws/install/robo_control/lib/python3.10/site-packages/robo_control-0.0.0-py3.10.egg-info' (and everything under it)
Copying ../../build/robo_control/robo_control.egg-info to /home/mac_vaibubuntu/project_ws/install/robo_control/lib/python3.10/site-packages/robo_control-0.0.0-py3.10.egg-info
running install_scripts
Installing aruco_detector script to /home/mac_vaibubuntu/project_ws/install/robo_control/lib/robo_control
Installing controller script to /home/mac_vaibubuntu/project_ws/install/robo_control/lib/robo_control
writing list of installed files to '/home/mac_vaibubuntu/project_ws/build/robo_control/install.log'
